2022-12-23 09:53:04.007  INFO 11524 --- [main] c.e.inventory.InventoryApplication       : Starting InventoryApplication using Java 17.0.2 on DESKTOP-8BOFG40 with PID 11524 (C:\Users\accura\eclipse-workspace\inventory\target\classes started by accura in C:\Users\accura\eclipse-workspace\inventory)
2022-12-23 09:53:04.009  INFO 11524 --- [main] c.e.inventory.InventoryApplication       : No active profile set, falling back to 1 default profile: "default"
2022-12-23 09:53:04.350  INFO 11524 --- [main] .s.d.r.c.RepositoryConfigurationDelegate : Bootstrapping Spring Data JPA repositories in DEFAULT mode.
2022-12-23 09:53:04.359  INFO 11524 --- [main] .s.d.r.c.RepositoryConfigurationDelegate : Finished Spring Data repository scanning in 3 ms. Found 0 JPA repository interfaces.
2022-12-23 09:53:04.701  INFO 11524 --- [main] o.s.b.w.embedded.tomcat.TomcatWebServer  : Tomcat initialized with port(s): 443 (http)
2022-12-23 09:53:04.707  INFO 11524 --- [main] o.apache.catalina.core.StandardService   : Starting service [Tomcat]
2022-12-23 09:53:04.708  INFO 11524 --- [main] org.apache.catalina.core.StandardEngine  : Starting Servlet engine: [Apache Tomcat/9.0.70]
2022-12-23 09:53:04.775  INFO 11524 --- [main] o.a.c.c.C.[Tomcat].[localhost].[/]       : Initializing Spring embedded WebApplicationContext
2022-12-23 09:53:04.775  INFO 11524 --- [main] w.s.c.ServletWebServerApplicationContext : Root WebApplicationContext: initialization completed in 738 ms
2022-12-23 09:53:04.883  INFO 11524 --- [main] com.zaxxer.hikari.HikariDataSource       : HikariPool-1 - Starting...
2022-12-23 09:53:05.163  INFO 11524 --- [main] com.zaxxer.hikari.HikariDataSource       : HikariPool-1 - Start completed.
2022-12-23 09:53:05.189  INFO 11524 --- [main] o.hibernate.jpa.internal.util.LogHelper  : HHH000204: Processing PersistenceUnitInfo [name: default]
2022-12-23 09:53:05.217  INFO 11524 --- [main] org.hibernate.Version                    : HHH000412: Hibernate ORM core version 5.6.14.Final
2022-12-23 09:53:05.323  INFO 11524 --- [main] o.hibernate.annotations.common.Version   : HCANN000001: Hibernate Commons Annotations {5.1.2.Final}
2022-12-23 09:53:05.403  INFO 11524 --- [main] org.hibernate.dialect.Dialect            : HHH000400: Using dialect: org.hibernate.dialect.MySQL8Dialect
2022-12-23 09:53:05.522  INFO 11524 --- [main] o.h.e.t.j.p.i.JtaPlatformInitiator       : HHH000490: Using JtaPlatform implementation: [org.hibernate.engine.transaction.jta.platform.internal.NoJtaPlatform]
2022-12-23 09:53:05.530  INFO 11524 --- [main] j.LocalContainerEntityManagerFactoryBean : Initialized JPA EntityManagerFactory for persistence unit 'default'
2022-12-23 09:53:05.552  WARN 11524 --- [main] JpaBaseConfiguration$JpaWebConfiguration : spring.jpa.open-in-view is enabled by default. Therefore, database queries may be performed during view rendering. Explicitly configure spring.jpa.open-in-view to disable this warning
2022-12-23 09:53:05.751  WARN 11524 --- [main] .s.s.UserDetailsServiceAutoConfiguration : 

Using generated security password: 54906888-3888-4af2-b3c8-e029c8d2067b

This generated password is for development use only. Your security configuration must be updated before running your application in production.

2022-12-23 09:53:05.822  INFO 11524 --- [main] o.s.s.web.DefaultSecurityFilterChain     : Will secure any request with [org.springframework.security.web.session.DisableEncodeUrlFilter@5b1420f9, org.springframework.security.web.context.request.async.WebAsyncManagerIntegrationFilter@434ee422, org.springframework.security.web.context.SecurityContextPersistenceFilter@64508788, org.springframework.security.web.header.HeaderWriterFilter@175bf9c9, org.springframework.security.web.csrf.CsrfFilter@6a116354, org.springframework.security.web.authentication.logout.LogoutFilter@649009d6, org.springframework.security.web.authentication.UsernamePasswordAuthenticationFilter@77b22b05, org.springframework.security.web.authentication.ui.DefaultLoginPageGeneratingFilter@1fcc3461, org.springframework.security.web.authentication.ui.DefaultLogoutPageGeneratingFilter@4de93edd, org.springframework.security.web.authentication.www.BasicAuthenticationFilter@45abbd24, org.springframework.security.web.savedrequest.RequestCacheAwareFilter@3e2d65e1, org.springframework.security.web.servletapi.SecurityContextHolderAwareRequestFilter@1174676f, org.springframework.security.web.authentication.AnonymousAuthenticationFilter@53b2e1eb, org.springframework.security.web.session.SessionManagementFilter@306c9b2c, org.springframework.security.web.access.ExceptionTranslationFilter@52d9f36b, org.springframework.security.web.access.intercept.FilterSecurityInterceptor@53d9af1]
2022-12-23 09:53:05.852  WARN 11524 --- [main] ConfigServletWebServerApplicationContext : Exception encountered during context initialization - cancelling refresh attempt: org.springframework.context.ApplicationContextException: Failed to start bean 'webServerStartStop'; nested exception is org.springframework.boot.web.server.PortInUseException: Port 443 is already in use
2022-12-23 09:53:05.854  INFO 11524 --- [main] j.LocalContainerEntityManagerFactoryBean : Closing JPA EntityManagerFactory for persistence unit 'default'
2022-12-23 09:53:05.856  INFO 11524 --- [main] com.zaxxer.hikari.HikariDataSource       : HikariPool-1 - Shutdown initiated...
2022-12-23 09:53:05.861  INFO 11524 --- [main] com.zaxxer.hikari.HikariDataSource       : HikariPool-1 - Shutdown completed.
2022-12-23 09:53:05.863  INFO 11524 --- [main] o.apache.catalina.core.StandardService   : Stopping service [Tomcat]
2022-12-23 09:53:05.870  INFO 11524 --- [main] ConditionEvaluationReportLoggingListener : 

Error starting ApplicationContext. To display the conditions report re-run your application with 'debug' enabled.
2022-12-23 09:53:05.881 ERROR 11524 --- [main] o.s.b.d.LoggingFailureAnalysisReporter   : 

***************************
APPLICATION FAILED TO START
***************************

Description:

Web server failed to start. Port 443 was already in use.

Action:

Identify and stop the process that's listening on port 443 or configure this application to listen on another port.

2022-12-23 09:53:35.533  INFO 17656 --- [main] c.e.inventory.InventoryApplication       : Starting InventoryApplication using Java 17.0.2 on DESKTOP-8BOFG40 with PID 17656 (C:\Users\accura\eclipse-workspace\inventory\target\classes started by accura in C:\Users\accura\eclipse-workspace\inventory)
2022-12-23 09:53:35.535  INFO 17656 --- [main] c.e.inventory.InventoryApplication       : No active profile set, falling back to 1 default profile: "default"
2022-12-23 09:53:35.880  INFO 17656 --- [main] .s.d.r.c.RepositoryConfigurationDelegate : Bootstrapping Spring Data JPA repositories in DEFAULT mode.
2022-12-23 09:53:35.891  INFO 17656 --- [main] .s.d.r.c.RepositoryConfigurationDelegate : Finished Spring Data repository scanning in 3 ms. Found 0 JPA repository interfaces.
2022-12-23 09:53:36.214  INFO 17656 --- [main] o.s.b.w.embedded.tomcat.TomcatWebServer  : Tomcat initialized with port(s): 443 (http)
2022-12-23 09:53:36.220  INFO 17656 --- [main] o.apache.catalina.core.StandardService   : Starting service [Tomcat]
2022-12-23 09:53:36.220  INFO 17656 --- [main] org.apache.catalina.core.StandardEngine  : Starting Servlet engine: [Apache Tomcat/9.0.70]
2022-12-23 09:53:36.288  INFO 17656 --- [main] o.a.c.c.C.[Tomcat].[localhost].[/]       : Initializing Spring embedded WebApplicationContext
2022-12-23 09:53:36.288  INFO 17656 --- [main] w.s.c.ServletWebServerApplicationContext : Root WebApplicationContext: initialization completed in 726 ms
2022-12-23 09:53:36.393  INFO 17656 --- [main] com.zaxxer.hikari.HikariDataSource       : HikariPool-1 - Starting...
2022-12-23 09:53:36.664  INFO 17656 --- [main] com.zaxxer.hikari.HikariDataSource       : HikariPool-1 - Start completed.
2022-12-23 09:53:36.689  INFO 17656 --- [main] o.hibernate.jpa.internal.util.LogHelper  : HHH000204: Processing PersistenceUnitInfo [name: default]
2022-12-23 09:53:36.717  INFO 17656 --- [main] org.hibernate.Version                    : HHH000412: Hibernate ORM core version 5.6.14.Final
2022-12-23 09:53:36.812  INFO 17656 --- [main] o.hibernate.annotations.common.Version   : HCANN000001: Hibernate Commons Annotations {5.1.2.Final}
2022-12-23 09:53:36.896  INFO 17656 --- [main] org.hibernate.dialect.Dialect            : HHH000400: Using dialect: org.hibernate.dialect.MySQL8Dialect
2022-12-23 09:53:37.003  INFO 17656 --- [main] o.h.e.t.j.p.i.JtaPlatformInitiator       : HHH000490: Using JtaPlatform implementation: [org.hibernate.engine.transaction.jta.platform.internal.NoJtaPlatform]
2022-12-23 09:53:37.009  INFO 17656 --- [main] j.LocalContainerEntityManagerFactoryBean : Initialized JPA EntityManagerFactory for persistence unit 'default'
2022-12-23 09:53:37.031  WARN 17656 --- [main] JpaBaseConfiguration$JpaWebConfiguration : spring.jpa.open-in-view is enabled by default. Therefore, database queries may be performed during view rendering. Explicitly configure spring.jpa.open-in-view to disable this warning
2022-12-23 09:53:37.226  WARN 17656 --- [main] .s.s.UserDetailsServiceAutoConfiguration : 

Using generated security password: 096e77a1-6f5c-44c3-a3dd-e3ff94dddd60

This generated password is for development use only. Your security configuration must be updated before running your application in production.

2022-12-23 09:53:37.305  INFO 17656 --- [main] o.s.s.web.DefaultSecurityFilterChain     : Will secure any request with [org.springframework.security.web.session.DisableEncodeUrlFilter@43df1377, org.springframework.security.web.context.request.async.WebAsyncManagerIntegrationFilter@1cee3e05, org.springframework.security.web.context.SecurityContextPersistenceFilter@16c0be3b, org.springframework.security.web.header.HeaderWriterFilter@26f204a4, org.springframework.security.web.csrf.CsrfFilter@2b3242a5, org.springframework.security.web.authentication.logout.LogoutFilter@2b3abeeb, org.springframework.security.web.authentication.UsernamePasswordAuthenticationFilter@490d9c41, org.springframework.security.web.authentication.ui.DefaultLoginPageGeneratingFilter@2447940d, org.springframework.security.web.authentication.ui.DefaultLogoutPageGeneratingFilter@63f2d024, org.springframework.security.web.authentication.www.BasicAuthenticationFilter@5db04bd2, org.springframework.security.web.savedrequest.RequestCacheAwareFilter@62f37bfd, org.springframework.security.web.servletapi.SecurityContextHolderAwareRequestFilter@1818d00b, org.springframework.security.web.authentication.AnonymousAuthenticationFilter@7b2dd35d, org.springframework.security.web.session.SessionManagementFilter@4e671ef, org.springframework.security.web.access.ExceptionTranslationFilter@df432ec, org.springframework.security.web.access.intercept.FilterSecurityInterceptor@39685204]
2022-12-23 09:53:37.332  WARN 17656 --- [main] ConfigServletWebServerApplicationContext : Exception encountered during context initialization - cancelling refresh attempt: org.springframework.context.ApplicationContextException: Failed to start bean 'webServerStartStop'; nested exception is org.springframework.boot.web.server.PortInUseException: Port 443 is already in use
2022-12-23 09:53:37.334  INFO 17656 --- [main] j.LocalContainerEntityManagerFactoryBean : Closing JPA EntityManagerFactory for persistence unit 'default'
2022-12-23 09:53:37.336  INFO 17656 --- [main] com.zaxxer.hikari.HikariDataSource       : HikariPool-1 - Shutdown initiated...
2022-12-23 09:53:37.342  INFO 17656 --- [main] com.zaxxer.hikari.HikariDataSource       : HikariPool-1 - Shutdown completed.
2022-12-23 09:53:37.343  INFO 17656 --- [main] o.apache.catalina.core.StandardService   : Stopping service [Tomcat]
2022-12-23 09:53:37.351  INFO 17656 --- [main] ConditionEvaluationReportLoggingListener : 

Error starting ApplicationContext. To display the conditions report re-run your application with 'debug' enabled.
2022-12-23 09:53:37.361 ERROR 17656 --- [main] o.s.b.d.LoggingFailureAnalysisReporter   : 

***************************
APPLICATION FAILED TO START
***************************

Description:

Web server failed to start. Port 443 was already in use.

Action:

Identify and stop the process that's listening on port 443 or configure this application to listen on another port.

