2023-05-01 21:45:24.599  INFO 24904 --- [main] c.e.inventory.InventoryApplication       : Starting InventoryApplication using Java 11.0.11 on DESKTOP-HO3T745 with PID 24904 (C:\Users\user\eclipse-workspace\inventory\backend\target\classes started by user in C:\Users\user\eclipse-workspace\inventory\backend)
2023-05-01 21:45:24.608  INFO 24904 --- [main] c.e.inventory.InventoryApplication       : No active profile set, falling back to 1 default profile: "default"
2023-05-01 21:45:25.674  INFO 24904 --- [main] .s.d.r.c.RepositoryConfigurationDelegate : Bootstrapping Spring Data JPA repositories in DEFAULT mode.
2023-05-01 21:45:25.755  INFO 24904 --- [main] .s.d.r.c.RepositoryConfigurationDelegate : Finished Spring Data repository scanning in 73 ms. Found 3 JPA repository interfaces.
2023-05-01 21:45:26.475  INFO 24904 --- [main] o.s.b.w.embedded.tomcat.TomcatWebServer  : Tomcat initialized with port(s): 8080 (http)
2023-05-01 21:45:26.487  INFO 24904 --- [main] o.apache.catalina.core.StandardService   : Starting service [Tomcat]
2023-05-01 21:45:26.487  INFO 24904 --- [main] org.apache.catalina.core.StandardEngine  : Starting Servlet engine: [Apache Tomcat/9.0.71]
2023-05-01 21:45:26.709  INFO 24904 --- [main] o.a.c.c.C.[Tomcat].[localhost].[/]       : Initializing Spring embedded WebApplicationContext
2023-05-01 21:45:26.710  INFO 24904 --- [main] w.s.c.ServletWebServerApplicationContext : Root WebApplicationContext: initialization completed in 2055 ms
2023-05-01 21:45:27.287  INFO 24904 --- [main] com.zaxxer.hikari.HikariDataSource       : HikariPool-1 - Starting...
2023-05-01 21:45:27.731  INFO 24904 --- [main] com.zaxxer.hikari.HikariDataSource       : HikariPool-1 - Start completed.
2023-05-01 21:45:27.800  INFO 24904 --- [main] o.hibernate.jpa.internal.util.LogHelper  : HHH000204: Processing PersistenceUnitInfo [name: default]
2023-05-01 21:45:27.861  INFO 24904 --- [main] org.hibernate.Version                    : HHH000412: Hibernate ORM core version 5.6.14.Final
2023-05-01 21:45:28.055  INFO 24904 --- [main] o.hibernate.annotations.common.Version   : HCANN000001: Hibernate Commons Annotations {5.1.2.Final}
2023-05-01 21:45:28.234  INFO 24904 --- [main] org.hibernate.dialect.Dialect            : HHH000400: Using dialect: org.hibernate.dialect.MySQL8Dialect
2023-05-01 21:45:29.178  INFO 24904 --- [main] o.h.e.t.j.p.i.JtaPlatformInitiator       : HHH000490: Using JtaPlatform implementation: [org.hibernate.engine.transaction.jta.platform.internal.NoJtaPlatform]
2023-05-01 21:45:29.190  INFO 24904 --- [main] j.LocalContainerEntityManagerFactoryBean : Initialized JPA EntityManagerFactory for persistence unit 'default'
2023-05-01 21:45:29.599  INFO 24904 --- [main] c.e.inventory.security.JwtTokenProvider  : [init] JwtTokenProvider 내 secretKey 초기화 시작
2023-05-01 21:45:29.599  INFO 24904 --- [main] c.e.inventory.security.JwtTokenProvider  : [init] JwtTokenProvider 내 secretKey 초기화 완료
2023-05-01 21:45:29.688  WARN 24904 --- [main] JpaBaseConfiguration$JpaWebConfiguration : spring.jpa.open-in-view is enabled by default. Therefore, database queries may be performed during view rendering. Explicitly configure spring.jpa.open-in-view to disable this warning
2023-05-01 21:45:30.009  WARN 24904 --- [main] o.s.s.c.a.web.builders.WebSecurity       : You are asking Spring Security to ignore Ant [pattern='/v2/api-docs']. This is not recommended -- please use permitAll via HttpSecurity#authorizeHttpRequests instead.
2023-05-01 21:45:30.010  INFO 24904 --- [main] o.s.s.web.DefaultSecurityFilterChain     : Will not secure Ant [pattern='/v2/api-docs']
2023-05-01 21:45:30.011  WARN 24904 --- [main] o.s.s.c.a.web.builders.WebSecurity       : You are asking Spring Security to ignore Ant [pattern='/swagger-resources/**']. This is not recommended -- please use permitAll via HttpSecurity#authorizeHttpRequests instead.
2023-05-01 21:45:30.012  INFO 24904 --- [main] o.s.s.web.DefaultSecurityFilterChain     : Will not secure Ant [pattern='/swagger-resources/**']
2023-05-01 21:45:30.012  WARN 24904 --- [main] o.s.s.c.a.web.builders.WebSecurity       : You are asking Spring Security to ignore Ant [pattern='/swagger-ui.html']. This is not recommended -- please use permitAll via HttpSecurity#authorizeHttpRequests instead.
2023-05-01 21:45:30.013  INFO 24904 --- [main] o.s.s.web.DefaultSecurityFilterChain     : Will not secure Ant [pattern='/swagger-ui.html']
2023-05-01 21:45:30.013  WARN 24904 --- [main] o.s.s.c.a.web.builders.WebSecurity       : You are asking Spring Security to ignore Ant [pattern='/webjars/**']. This is not recommended -- please use permitAll via HttpSecurity#authorizeHttpRequests instead.
2023-05-01 21:45:30.013  INFO 24904 --- [main] o.s.s.web.DefaultSecurityFilterChain     : Will not secure Ant [pattern='/webjars/**']
2023-05-01 21:45:30.013  WARN 24904 --- [main] o.s.s.c.a.web.builders.WebSecurity       : You are asking Spring Security to ignore Ant [pattern='/swagger/**']. This is not recommended -- please use permitAll via HttpSecurity#authorizeHttpRequests instead.
2023-05-01 21:45:30.013  INFO 24904 --- [main] o.s.s.web.DefaultSecurityFilterChain     : Will not secure Ant [pattern='/swagger/**']
2023-05-01 21:45:30.013  WARN 24904 --- [main] o.s.s.c.a.web.builders.WebSecurity       : You are asking Spring Security to ignore Ant [pattern='/sign-api/exception']. This is not recommended -- please use permitAll via HttpSecurity#authorizeHttpRequests instead.
2023-05-01 21:45:30.013  INFO 24904 --- [main] o.s.s.web.DefaultSecurityFilterChain     : Will not secure Ant [pattern='/sign-api/exception']
2023-05-01 21:45:30.063  INFO 24904 --- [main] o.s.s.web.DefaultSecurityFilterChain     : Will secure any request with [org.springframework.security.web.session.DisableEncodeUrlFilter@4866a755, org.springframework.security.web.context.request.async.WebAsyncManagerIntegrationFilter@1361e880, org.springframework.security.web.context.SecurityContextPersistenceFilter@48697181, org.springframework.security.web.header.HeaderWriterFilter@4a29a1e6, org.springframework.web.filter.CorsFilter@3506bc8b, org.springframework.security.web.authentication.logout.LogoutFilter@361483eb, com.example.inventory.security.JwtAuthenticationFilter@4bac0be5, org.springframework.security.web.savedrequest.RequestCacheAwareFilter@7263b0c4, org.springframework.security.web.servletapi.SecurityContextHolderAwareRequestFilter@5c70c771, org.springframework.security.web.authentication.AnonymousAuthenticationFilter@368d51ca, org.springframework.security.web.session.SessionManagementFilter@28e24663, org.springframework.security.web.access.ExceptionTranslationFilter@5357de0e, org.springframework.security.web.access.intercept.FilterSecurityInterceptor@2190508d]
2023-05-01 21:45:30.556  INFO 24904 --- [main] o.s.b.w.embedded.tomcat.TomcatWebServer  : Tomcat started on port(s): 8080 (http) with context path ''
2023-05-01 21:45:30.570  INFO 24904 --- [main] c.e.inventory.InventoryApplication       : Started InventoryApplication in 6.446 seconds (JVM running for 7.899)
2023-05-01 21:46:19.901  INFO 24904 --- [http-nio-8080-exec-1] o.a.c.c.C.[Tomcat].[localhost].[/]       : Initializing Spring DispatcherServlet 'dispatcherServlet'
2023-05-01 21:46:19.902  INFO 24904 --- [http-nio-8080-exec-1] o.s.web.servlet.DispatcherServlet        : Initializing Servlet 'dispatcherServlet'
2023-05-01 21:46:19.906  INFO 24904 --- [http-nio-8080-exec-1] o.s.web.servlet.DispatcherServlet        : Completed initialization in 3 ms
2023-05-01 21:46:19.950  INFO 24904 --- [http-nio-8080-exec-2] c.e.inventory.security.JwtTokenProvider  : [resolveToken] HTTP 헤더에서 Token 값 추출
2023-05-01 21:46:19.950  INFO 24904 --- [http-nio-8080-exec-2] c.e.inventory.security.JwtTokenProvider  : [resolveToken] Request Host : http://localhost:3000 
2023-05-01 21:46:19.950  INFO 24904 --- [http-nio-8080-exec-2] c.e.inventory.security.JwtTokenProvider  : [resolveToken] HttpHeaders.AUTHORIZATION : Bearer eyJhbGciOiJIUzI1NiJ9.eyJzdWIiOiJwYnkxMzYwQGdtYWlsLmNvbSIsInJvbGVzIjpbXSwiaWF0IjoxNjgyODM2NzQxLCJleHAiOjE2ODI4NDAzNDF9.moJAX7jCtdaffM9YWiOK2_bw8MxTYCrsvKUh48owSYM 
2023-05-01 21:46:19.950  INFO 24904 --- [http-nio-8080-exec-2] c.e.i.security.JwtAuthenticationFilter   : [doFilterInternal] token 값 추출 완료. token : eyJhbGciOiJIUzI1NiJ9.eyJzdWIiOiJwYnkxMzYwQGdtYWlsLmNvbSIsInJvbGVzIjpbXSwiaWF0IjoxNjgyODM2NzQxLCJleHAiOjE2ODI4NDAzNDF9.moJAX7jCtdaffM9YWiOK2_bw8MxTYCrsvKUh48owSYM
2023-05-01 21:46:19.951  INFO 24904 --- [http-nio-8080-exec-2] c.e.i.security.JwtAuthenticationFilter   : [doFilterInternal] token 값 유효성 체크 시작
2023-05-01 21:46:19.951  INFO 24904 --- [http-nio-8080-exec-2] c.e.inventory.security.JwtTokenProvider  : [validateToken] 토큰 유효 체크 시작
2023-05-01 21:46:20.009  INFO 24904 --- [http-nio-8080-exec-2] c.e.inventory.security.JwtTokenProvider  : [validateToken] 토큰 유효 체크 예외 발생
2023-05-01 21:46:20.020  INFO 24904 --- [http-nio-8080-exec-2] c.e.i.s.CustomAuthenticationEntryPoint   : [commence] 인증 실패로 response.sendError 발생
2023-05-01 21:46:22.239  INFO 24904 --- [http-nio-8080-exec-4] c.e.inventory.security.JwtTokenProvider  : [resolveToken] HTTP 헤더에서 Token 값 추출
2023-05-01 21:46:22.240  INFO 24904 --- [http-nio-8080-exec-4] c.e.inventory.security.JwtTokenProvider  : [resolveToken] Request Host : http://localhost:3000 
2023-05-01 21:46:22.240  INFO 24904 --- [http-nio-8080-exec-4] c.e.inventory.security.JwtTokenProvider  : [resolveToken] HttpHeaders.AUTHORIZATION : null 
2023-05-01 21:46:22.241  INFO 24904 --- [http-nio-8080-exec-4] c.e.i.security.JwtAuthenticationFilter   : [doFilterInternal] token 값 추출 완료. token : null
2023-05-01 21:46:22.242  INFO 24904 --- [http-nio-8080-exec-4] c.e.i.security.JwtAuthenticationFilter   : [doFilterInternal] token 값 유효성 체크 시작
2023-05-01 21:46:22.319  INFO 24904 --- [http-nio-8080-exec-4] c.e.i.auth.controller.AuthController     : :: signIn id baboding@naver.com
2023-05-01 21:46:22.319  INFO 24904 --- [http-nio-8080-exec-4] c.e.i.auth.controller.AuthController     : :: signIn password comet1
2023-05-01 21:46:22.521  INFO 24904 --- [http-nio-8080-exec-4] c.e.inventory.security.JwtTokenProvider  : [createToken] 토큰 생성 시작
2023-05-01 21:46:22.522  INFO 24904 --- [http-nio-8080-exec-4] c.e.inventory.security.JwtTokenProvider  : secret ? Y29tZXQyMDU5IQ==
2023-05-01 21:46:22.553  INFO 24904 --- [http-nio-8080-exec-4] c.e.inventory.security.JwtTokenProvider  : [createToken] 토큰 생성 완료
2023-05-01 21:46:22.554  INFO 24904 --- [http-nio-8080-exec-4] c.e.inventory.security.JwtTokenProvider  : [getExpiration] 토큰 만료시간 조회
2023-05-01 21:46:22.557  INFO 24904 --- [http-nio-8080-exec-4] c.e.inventory.security.JwtTokenProvider  : [getExpiration] 토큰 만료시간 조회 완료
2023-05-01 21:46:22.558  INFO 24904 --- [http-nio-8080-exec-4] c.e.inventory.security.JwtTokenProvider  : [getExpiration] 만료시간 : Mon May 01 22:46:22 KST 2023
2023-05-01 21:46:31.278  INFO 24904 --- [http-nio-8080-exec-5] c.e.inventory.security.JwtTokenProvider  : [resolveToken] HTTP 헤더에서 Token 값 추출
2023-05-01 21:46:31.279  INFO 24904 --- [http-nio-8080-exec-5] c.e.inventory.security.JwtTokenProvider  : [resolveToken] Request Host : http://localhost:3000 
2023-05-01 21:46:31.282  INFO 24904 --- [http-nio-8080-exec-5] c.e.inventory.security.JwtTokenProvider  : [resolveToken] HttpHeaders.AUTHORIZATION : null 
2023-05-01 21:46:31.283  INFO 24904 --- [http-nio-8080-exec-5] c.e.i.security.JwtAuthenticationFilter   : [doFilterInternal] token 값 추출 완료. token : null
2023-05-01 21:46:31.283  INFO 24904 --- [http-nio-8080-exec-5] c.e.i.security.JwtAuthenticationFilter   : [doFilterInternal] token 값 유효성 체크 시작
2023-05-01 21:46:31.297  INFO 24904 --- [http-nio-8080-exec-5] c.e.i.auth.controller.AuthController     : :: signIn token aktACSAu0dpAgHUH_HdaaCXvRb3Voc1qb5j2LjTZCj1ymAAAAYfXWa7_
2023-05-01 21:46:31.652  INFO 24904 --- [http-nio-8080-exec-5] c.e.inventory.security.JwtTokenProvider  : [createToken] 토큰 생성 시작
2023-05-01 21:46:31.652  INFO 24904 --- [http-nio-8080-exec-5] c.e.inventory.security.JwtTokenProvider  : secret ? Y29tZXQyMDU5IQ==
2023-05-01 21:46:31.653  INFO 24904 --- [http-nio-8080-exec-5] c.e.inventory.security.JwtTokenProvider  : [createToken] 토큰 생성 완료
2023-05-01 21:46:31.653  INFO 24904 --- [http-nio-8080-exec-5] c.e.inventory.security.JwtTokenProvider  : [getExpiration] 토큰 만료시간 조회
2023-05-01 21:46:31.653  INFO 24904 --- [http-nio-8080-exec-5] c.e.inventory.security.JwtTokenProvider  : [getExpiration] 토큰 만료시간 조회 완료
2023-05-01 21:46:31.653  INFO 24904 --- [http-nio-8080-exec-5] c.e.inventory.security.JwtTokenProvider  : [getExpiration] 만료시간 : Mon May 01 22:46:31 KST 2023
2023-05-01 21:47:00.750  INFO 24904 --- [http-nio-8080-exec-7] c.e.inventory.security.JwtTokenProvider  : [resolveToken] HTTP 헤더에서 Token 값 추출
2023-05-01 21:47:00.751  INFO 24904 --- [http-nio-8080-exec-7] c.e.inventory.security.JwtTokenProvider  : [resolveToken] Request Host : http://localhost:3000 
2023-05-01 21:47:00.752  INFO 24904 --- [http-nio-8080-exec-7] c.e.inventory.security.JwtTokenProvider  : [resolveToken] HttpHeaders.AUTHORIZATION : Bearer eyJhbGciOiJIUzI1NiJ9.eyJzdWIiOiJwYnkxMzYwQGdtYWlsLmNvbSIsInJvbGVzIjpbXSwiaWF0IjoxNjgyOTQ1MTkxLCJleHAiOjE2ODI5NDg3OTF9.rACGAINKqgVpLT6k_2ChuPKbw7Tz7D-emxSvIjWPTdM 
2023-05-01 21:47:00.752  INFO 24904 --- [http-nio-8080-exec-7] c.e.i.security.JwtAuthenticationFilter   : [doFilterInternal] token 값 추출 완료. token : eyJhbGciOiJIUzI1NiJ9.eyJzdWIiOiJwYnkxMzYwQGdtYWlsLmNvbSIsInJvbGVzIjpbXSwiaWF0IjoxNjgyOTQ1MTkxLCJleHAiOjE2ODI5NDg3OTF9.rACGAINKqgVpLT6k_2ChuPKbw7Tz7D-emxSvIjWPTdM
2023-05-01 21:47:00.752  INFO 24904 --- [http-nio-8080-exec-7] c.e.i.security.JwtAuthenticationFilter   : [doFilterInternal] token 값 유효성 체크 시작
2023-05-01 21:47:00.752  INFO 24904 --- [http-nio-8080-exec-7] c.e.inventory.security.JwtTokenProvider  : [validateToken] 토큰 유효 체크 시작
2023-05-01 21:47:00.754  INFO 24904 --- [http-nio-8080-exec-7] c.e.inventory.security.JwtTokenProvider  : [validateToken] 토큰 유효 체크 완료
2023-05-01 21:47:00.754  INFO 24904 --- [http-nio-8080-exec-7] c.e.inventory.security.JwtTokenProvider  : [getAuthentication] 토큰 인증 정보 조회 시작
2023-05-01 21:47:00.754  INFO 24904 --- [http-nio-8080-exec-7] c.e.inventory.security.JwtTokenProvider  : [getUsername] 토큰 기반 회원 구별 정보 추출
2023-05-01 21:47:00.756  INFO 24904 --- [http-nio-8080-exec-7] c.e.inventory.security.JwtTokenProvider  : [getUsername] 토큰 기반 회원 구별 정보 추출 완료, info : pby1360@gmail.com
2023-05-01 21:47:00.761  INFO 24904 --- [http-nio-8080-exec-7] c.e.inventory.security.JwtTokenProvider  : [getAuthentication] 토큰 인증 정보 조회 완료, UserDetails UserName : pby1360@gmail.com
2023-05-01 21:47:00.762  INFO 24904 --- [http-nio-8080-exec-7] c.e.i.security.JwtAuthenticationFilter   : [doFilterInternal] token 값 유효성 체크 완료
2023-05-01 21:47:00.762  INFO 24904 --- [http-nio-8080-exec-7] c.e.i.security.JwtAuthenticationFilter   : [doFilterInternal] getAuthorities : [] 
2023-05-01 21:47:01.585  INFO 24904 --- [http-nio-8080-exec-8] c.e.inventory.security.JwtTokenProvider  : [resolveToken] HTTP 헤더에서 Token 값 추출
2023-05-01 21:47:01.585  INFO 24904 --- [http-nio-8080-exec-8] c.e.inventory.security.JwtTokenProvider  : [resolveToken] Request Host : http://localhost:3000 
2023-05-01 21:47:01.586  INFO 24904 --- [http-nio-8080-exec-8] c.e.inventory.security.JwtTokenProvider  : [resolveToken] HttpHeaders.AUTHORIZATION : Bearer eyJhbGciOiJIUzI1NiJ9.eyJzdWIiOiJwYnkxMzYwQGdtYWlsLmNvbSIsInJvbGVzIjpbXSwiaWF0IjoxNjgyOTQ1MTkxLCJleHAiOjE2ODI5NDg3OTF9.rACGAINKqgVpLT6k_2ChuPKbw7Tz7D-emxSvIjWPTdM 
2023-05-01 21:47:01.586  INFO 24904 --- [http-nio-8080-exec-8] c.e.i.security.JwtAuthenticationFilter   : [doFilterInternal] token 값 추출 완료. token : eyJhbGciOiJIUzI1NiJ9.eyJzdWIiOiJwYnkxMzYwQGdtYWlsLmNvbSIsInJvbGVzIjpbXSwiaWF0IjoxNjgyOTQ1MTkxLCJleHAiOjE2ODI5NDg3OTF9.rACGAINKqgVpLT6k_2ChuPKbw7Tz7D-emxSvIjWPTdM
2023-05-01 21:47:01.586  INFO 24904 --- [http-nio-8080-exec-8] c.e.i.security.JwtAuthenticationFilter   : [doFilterInternal] token 값 유효성 체크 시작
2023-05-01 21:47:01.587  INFO 24904 --- [http-nio-8080-exec-8] c.e.inventory.security.JwtTokenProvider  : [validateToken] 토큰 유효 체크 시작
2023-05-01 21:47:01.588  INFO 24904 --- [http-nio-8080-exec-8] c.e.inventory.security.JwtTokenProvider  : [validateToken] 토큰 유효 체크 완료
2023-05-01 21:47:01.589  INFO 24904 --- [http-nio-8080-exec-8] c.e.inventory.security.JwtTokenProvider  : [getAuthentication] 토큰 인증 정보 조회 시작
2023-05-01 21:47:01.589  INFO 24904 --- [http-nio-8080-exec-8] c.e.inventory.security.JwtTokenProvider  : [getUsername] 토큰 기반 회원 구별 정보 추출
2023-05-01 21:47:01.591  INFO 24904 --- [http-nio-8080-exec-8] c.e.inventory.security.JwtTokenProvider  : [getUsername] 토큰 기반 회원 구별 정보 추출 완료, info : pby1360@gmail.com
2023-05-01 21:47:01.596  INFO 24904 --- [http-nio-8080-exec-8] c.e.inventory.security.JwtTokenProvider  : [getAuthentication] 토큰 인증 정보 조회 완료, UserDetails UserName : pby1360@gmail.com
2023-05-01 21:47:01.597  INFO 24904 --- [http-nio-8080-exec-8] c.e.i.security.JwtAuthenticationFilter   : [doFilterInternal] token 값 유효성 체크 완료
2023-05-01 21:47:01.597  INFO 24904 --- [http-nio-8080-exec-8] c.e.i.security.JwtAuthenticationFilter   : [doFilterInternal] getAuthorities : [] 
